15:46:12.234 [main] INFO  testCases.TC_01 - Starting Tc_01
15:46:24.483 [main] INFO  testCases.TC_01 - Input page
15:46:24.864 [main] INFO  testCases.TC_01 - user registered
15:46:32.751 [main] INFO  testCases.TC_01 - login pass
15:49:08.071 [main] INFO  testCases.TC_01 - Starting Tc_01
15:49:20.842 [main] INFO  testCases.TC_01 - Input page
15:49:21.579 [main] INFO  testCases.TC_01 - user registered
11:51:40.599 [TestNG-tests-2] INFO  testCases.TC_01 - Starting Tc_01
11:51:43.015 [TestNG-tests-1] INFO  testCases.TC_01 - Starting Tc_01
10:53:43.382 [main] INFO  testCases.TC_01 - Starting Tc_01
10:55:55.357 [main] INFO  testCases.TC_01 - Starting Tc_01
10:57:37.365 [main] INFO  testCases.TC_01 - Starting Tc_01
11:17:36.024 [main] INFO  testCases.TC_01 - Starting Tc_01
11:55:54.348 [main] INFO  testCases.TC_01 - Starting Tc_01
11:56:07.667 [main] INFO  testCases.TC_01 - Input page
11:56:08.446 [main] INFO  testCases.TC_01 - user registered
11:57:10.343 [main] INFO  testCases.TC_01 - Starting Tc_01
11:57:25.197 [main] INFO  testCases.TC_01 - Input page
11:57:25.800 [main] INFO  testCases.TC_01 - user registered
16:35:23.671 [main] INFO  testCases.TC_01 - Starting Tc_01
16:35:37.886 [main] INFO  testCases.TC_01 - Input page
16:35:39.023 [main] INFO  testCases.TC_01 - user registered
11:38:06.356 [main] INFO  testCases.TC_01 - Starting Tc_01
11:38:13.298 [main] INFO  testCases.TC_01 - Input page
11:53:20.991 [main] INFO  testCases.TC_01 - Starting Tc_01
11:53:33.428 [main] INFO  testCases.TC_01 - Input page
11:53:34.133 [main] INFO  testCases.TC_01 - user registered
11:53:43.487 [main] INFO  testCases.TC_01 - login pass
12:02:13.617 [main] INFO  testCases.TC_01 - Starting Tc_01
12:02:26.092 [main] INFO  testCases.TC_01 - Input page
12:02:26.569 [main] INFO  testCases.TC_01 - user registered
12:02:34.813 [main] INFO  testCases.TC_01 - login pass
12:14:05.423 [main] INFO  testCases.TC_01 - Starting Tc_01
12:14:08.753 [main] INFO  testCases.TC_01 - Input page
